Flutter crash report.
Please report a bug at https://github.com/flutter/flutter/issues.

## command

flutter create lab3:mini_catalog

## exception

FileSystemException: FileSystemException: Exists failed, path = 'lab3:mini_catalog\ios' (OS Error: The filename, directory name, or volume label syntax is incorrect.
, errno = 123)

```
#0      _Directory.existsSync (dart:io/directory_impl.dart:106:7)
#1      ForwardingFileSystemEntity.existsSync (package:file/src/forwarding/forwarding_file_system_entity.dart:43:33)
#2      ErrorHandlingDirectory.existsSync.<anonymous closure> (package:flutter_tools/src/base/error_handling_io.dart:461:22)
#3      _runSync (package:flutter_tools/src/base/error_handling_io.dart:552:14)
#4      ErrorHandlingDirectory.existsSync (package:flutter_tools/src/base/error_handling_io.dart:460:12)
#5      IosProject.existsSync (package:flutter_tools/src/xcode_project.dart:506:50)
#6      FlutterProject.organizationNames (package:flutter_tools/src/project.dart:147:13)
#7      CreateBase.getOrganization (package:flutter_tools/src/commands/create_base.dart:181:63)
#8      CreateCommand.runCommand (package:flutter_tools/src/commands/create.dart:344:39)
#9      FlutterCommand.verifyThenRunCommand (package:flutter_tools/src/runner/flutter_command.dart:1885:12)
<asynchronous suspension>
#10     FlutterCommand.run.<anonymous closure> (package:flutter_tools/src/runner/flutter_command.dart:1559:27)
<asynchronous suspension>
#11     AppContext.run.<anonymous closure> (package:flutter_tools/src/base/context.dart:154:19)
<asynchronous suspension>
#12     CommandRunner.runCommand (package:args/command_runner.dart:212:13)
<asynchronous suspension>
#13     FlutterCommandRunner.runCommand.<anonymous closure> (package:flutter_tools/src/runner/flutter_command_runner.dart:487:9)
<asynchronous suspension>
#14     AppContext.run.<anonymous closure> (package:flutter_tools/src/base/context.dart:154:19)
<asynchronous suspension>
#15     FlutterCommandRunner.runCommand (package:flutter_tools/src/runner/flutter_command_runner.dart:422:5)
<asynchronous suspension>
#16     run.<anonymous closure>.<anonymous closure> (package:flutter_tools/runner.dart:104:11)
<asynchronous suspension>
#17     AppContext.run.<anonymous closure> (package:flutter_tools/src/base/context.dart:154:19)
<asynchronous suspension>
#18     main (package:flutter_tools/executable.dart:103:3)
<asynchronous suspension>
```

## flutter doctor

```
[33m[!][39m Flutter (Channel stable, 3.38.4, on Microsoft Windows [Version 10.0.19045.6466], locale en-US) [1,311ms]
    [32mâ€¢[39m Flutter version 3.38.4 on channel stable at C:\flutter
    [33m![39m Warning: `dart` on your path resolves to C:\dart-sdk\bin\dart.exe, which is not inside your current Flutter SDK
      checkout at C:\flutter. Consider adding C:\flutter\bin to the front of your path.
    [32mâ€¢[39m Upstream repository https://github.com/flutter/flutter.git
    [32mâ€¢[39m Framework revision 66dd93f9a2 (3 weeks ago), 2025-12-03 14:56:10 -0800
    [32mâ€¢[39m Engine revision a5cb96369e
    [32mâ€¢[39m Dart version 3.10.3
    [32mâ€¢[39m DevTools version 2.51.1
    [32mâ€¢[39m Feature flags: enable-web, enable-linux-desktop, enable-macos-desktop, enable-windows-desktop, enable-android,
      enable-ios, cli-animations, enable-native-assets, omit-legacy-version-file, enable-lldb-debugging
    [32mâ€¢[39m If those were intentional, you can disregard the above warnings; however it is recommended to use "git" directly
      to perform update checks and upgrades.

[32m[âœ“][39m Windows Version (10 Home 64-bit, 22H2, 2009) [3.1s]

[31m[âœ—][39m Android toolchain - develop for Android devices [737ms]
    [31mâœ—[39m Unable to locate Android SDK.
      Install Android Studio from: https://developer.android.com/studio/index.html
      On first launch it will assist you in installing the Android SDK components.
      (or visit https://flutter.dev/to/windows-android-setup for detailed instructions).
      If the Android SDK has been installed to a custom location, please use
      `flutter config --android-sdk` to update to that location.


[32m[âœ“][39m Chrome - develop for the web [697ms]
    [32mâ€¢[39m Chrome at C:\Program Files (x86)\Google\Chrome\Application\chrome.exe

[33m[!][39m Visual Studio - develop Windows apps (Visual Studio Community 2022 17.11.5) [693ms]
    [32mâ€¢[39m Visual Studio at C:\Program Files\Microsoft Visual Studio\2022\Community
    [32mâ€¢[39m Visual Studio Community 2022 version 17.11.35327.3
    [31mâœ—[39m Visual Studio is missing necessary components. Please re-run the Visual Studio installer for the "Desktop
      development with C++" workload, and include these components:
        MSVC v142 - VS 2019 C++ x64/x86 build tools
         - If there are multiple build tool versions available, install the latest
        C++ CMake tools for Windows
        Windows 10 SDK

[32m[âœ“][39m Connected device (3 available) [341ms]
    [32mâ€¢[39m Windows (desktop) â€¢ windows â€¢ windows-x64    â€¢ Microsoft Windows [Version 10.0.19045.6466]
    [32mâ€¢[39m Chrome (web)      â€¢ chrome  â€¢ web-javascript â€¢ Google Chrome 143.0.7499.110
    [32mâ€¢[39m Edge (web)        â€¢ edge    â€¢ web-javascript â€¢ Microsoft Edge 143.0.3650.96

[32m[âœ“][39m Network resources [1,031ms]
    [32mâ€¢[39m All expected network resources are available.

[33m![39m Doctor found issues in 3 categories.
```
